<?xml version="1.0" encoding="UTF-8"?>
<testng-results skipped="0" failed="0" total="2" passed="2">
  <reporter-output>
  </reporter-output>
  <suite name="Default suite" duration-ms="1864" started-at="2016-02-11T22:15:09Z" finished-at="2016-02-11T22:15:11Z">
    <groups>
      <group name="ApplicationsDaoTest">
        <method signature="ApplicationsDaoTest.getApplicationForStudent()[pri:0, instance:springmvc.model.dao.ApplicationsDaoTest@64b3a2d]" name="getApplicationForStudent" class="springmvc.model.dao.ApplicationsDaoTest"/>
        <method signature="ApplicationsDaoTest.getApplications()[pri:0, instance:springmvc.model.dao.ApplicationsDaoTest@64b3a2d]" name="getApplications" class="springmvc.model.dao.ApplicationsDaoTest"/>
      </group> <!-- ApplicationsDaoTest -->
    </groups>
    <test name="Default test" duration-ms="1864" started-at="2016-02-11T22:15:09Z" finished-at="2016-02-11T22:15:11Z">
      <class name="springmvc.model.dao.ApplicationsDaoTest">
        <test-method status="PASS" signature="springTestContextBeforeTestClass()[pri:0, instance:springmvc.model.dao.ApplicationsDaoTest@64b3a2d]" test-instance-name="" name="springTestContextBeforeTestClass" is-config="true" duration-ms="16" started-at="2016-02-11T14:15:09Z" finished-at="2016-02-11T14:15:09Z">
          <reporter-output>
          </reporter-output>
        </test-method> <!-- springTestContextBeforeTestClass -->
        <test-method name="springTestContextPrepareTestInstance" test-instance-name="" signature="springTestContextPrepareTestInstance()[pri:0, instance:springmvc.model.dao.ApplicationsDaoTest@64b3a2d]" is-config="true" status="PASS" duration-ms="1371" finished-at="2016-02-11T14:15:11Z" started-at="2016-02-11T14:15:09Z" depends-on-methods="org.springframework.test.context.testng.AbstractTestNGSpringContextTests.springTestContextBeforeTestClass">
          <reporter-output>
          </reporter-output>
        </test-method> <!-- springTestContextPrepareTestInstance -->
        <test-method status="PASS" signature="springTestContextBeforeTestMethod(java.lang.reflect.Method)[pri:0, instance:springmvc.model.dao.ApplicationsDaoTest@64b3a2d]" test-instance-name="" name="springTestContextBeforeTestMethod" is-config="true" duration-ms="69" started-at="2016-02-11T14:15:11Z" finished-at="2016-02-11T14:15:11Z">
          <params>
            <param index="0">
              <value>
                <![CDATA[public void springmvc.model.dao.ApplicationsDaoTest.getApplicationForStudent()]]>
              </value>
            </param>
          </params>
          <reporter-output>
          </reporter-output>
        </test-method> <!-- springTestContextBeforeTestMethod -->
        <test-method status="PASS" signature="getApplicationForStudent()[pri:0, instance:springmvc.model.dao.ApplicationsDaoTest@64b3a2d]" test-instance-name="" name="getApplicationForStudent" duration-ms="371" started-at="2016-02-11T14:15:11Z" finished-at="2016-02-11T14:15:11Z">
          <reporter-output>
          </reporter-output>
        </test-method> <!-- getApplicationForStudent -->
        <test-method status="PASS" signature="springTestContextAfterTestMethod(java.lang.reflect.Method)[pri:0, instance:springmvc.model.dao.ApplicationsDaoTest@64b3a2d]" test-instance-name="" name="springTestContextAfterTestMethod" is-config="true" duration-ms="7" started-at="2016-02-11T14:15:11Z" finished-at="2016-02-11T14:15:11Z">
          <params>
            <param index="0">
              <value>
                <![CDATA[public void springmvc.model.dao.ApplicationsDaoTest.getApplicationForStudent()]]>
              </value>
            </param>
          </params>
          <reporter-output>
          </reporter-output>
        </test-method> <!-- springTestContextAfterTestMethod -->
        <test-method status="PASS" signature="springTestContextBeforeTestMethod(java.lang.reflect.Method)[pri:0, instance:springmvc.model.dao.ApplicationsDaoTest@64b3a2d]" test-instance-name="" name="springTestContextBeforeTestMethod" is-config="true" duration-ms="0" started-at="2016-02-11T14:15:11Z" finished-at="2016-02-11T14:15:11Z">
          <params>
            <param index="0">
              <value>
                <![CDATA[public void springmvc.model.dao.ApplicationsDaoTest.getApplications()]]>
              </value>
            </param>
          </params>
          <reporter-output>
          </reporter-output>
        </test-method> <!-- springTestContextBeforeTestMethod -->
        <test-method status="PASS" signature="getApplications()[pri:0, instance:springmvc.model.dao.ApplicationsDaoTest@64b3a2d]" test-instance-name="" name="getApplications" duration-ms="15" started-at="2016-02-11T14:15:11Z" finished-at="2016-02-11T14:15:11Z">
          <reporter-output>
          </reporter-output>
        </test-method> <!-- getApplications -->
        <test-method status="PASS" signature="springTestContextAfterTestClass()[pri:0, instance:springmvc.model.dao.ApplicationsDaoTest@64b3a2d]" test-instance-name="" name="springTestContextAfterTestClass" is-config="true" duration-ms="0" started-at="2016-02-11T14:15:11Z" finished-at="2016-02-11T14:15:11Z">
          <reporter-output>
          </reporter-output>
        </test-method> <!-- springTestContextAfterTestClass -->
        <test-method status="PASS" signature="springTestContextAfterTestMethod(java.lang.reflect.Method)[pri:0, instance:springmvc.model.dao.ApplicationsDaoTest@64b3a2d]" test-instance-name="" name="springTestContextAfterTestMethod" is-config="true" duration-ms="0" started-at="2016-02-11T14:15:11Z" finished-at="2016-02-11T14:15:11Z">
          <params>
            <param index="0">
              <value>
                <![CDATA[public void springmvc.model.dao.ApplicationsDaoTest.getApplications()]]>
              </value>
            </param>
          </params>
          <reporter-output>
          </reporter-output>
        </test-method> <!-- springTestContextAfterTestMethod -->
      </class> <!-- springmvc.model.dao.ApplicationsDaoTest -->
    </test> <!-- Default test -->
  </suite> <!-- Default suite -->
</testng-results>
