<?xml version="1.0" encoding="UTF-8"?>
<!-- Generated by org.testng.reporters.JUnitReportReporter -->
<testsuite hostname="Dhruv" name="springmvc.model.dao.ApplicationsDaoTest" tests="2" failures="0" timestamp="11 Feb 2016 22:15:11 GMT" time="0.462" errors="0">
  <testcase name="getApplicationForStudent" time="0.371" classname="springmvc.model.dao.ApplicationsDaoTest"/>
  <testcase name="getApplications" time="0.091" classname="springmvc.model.dao.ApplicationsDaoTest"/>
</testsuite> <!-- springmvc.model.dao.ApplicationsDaoTest -->
